<?xml version="1.0" encoding="UTF-8"?>
<testng-results skipped="0" failed="0" total="1" passed="1">
  <reporter-output>
  </reporter-output>
  <suite name="Suite" duration-ms="66" started-at="2018-08-30T04:15:55Z" finished-at="2018-08-30T04:15:55Z">
    <groups>
    </groups>
    <test name="Test" duration-ms="66" started-at="2018-08-30T04:15:55Z" finished-at="2018-08-30T04:15:55Z">
      <class name="co.shuchi.automation.testcases.LaunchBrowserTest">
        <test-method status="PASS" signature="setUp()[pri:0, instance:co.shuchi.automation.testcases.LaunchBrowserTest@7b36aa0c]" name="setUp" is-config="true" duration-ms="4691" started-at="2018-08-30T00:15:50Z" finished-at="2018-08-30T00:15:55Z">
          <reporter-output>
          </reporter-output>
        </test-method> <!-- setUp -->
        <test-method status="PASS" signature="checkBrowser()[pri:0, instance:co.shuchi.automation.testcases.LaunchBrowserTest@7b36aa0c]" name="checkBrowser" duration-ms="2" started-at="2018-08-30T00:15:55Z" finished-at="2018-08-30T00:15:55Z">
          <reporter-output>
          </reporter-output>
        </test-method> <!-- checkBrowser -->
        <test-method status="PASS" signature="close()[pri:0, instance:co.shuchi.automation.testcases.LaunchBrowserTest@7b36aa0c]" name="close" is-config="true" duration-ms="2362" started-at="2018-08-30T00:15:55Z" finished-at="2018-08-30T00:15:57Z">
          <reporter-output>
          </reporter-output>
        </test-method> <!-- close -->
      </class> <!-- co.shuchi.automation.testcases.LaunchBrowserTest -->
    </test> <!-- Test -->
  </suite> <!-- Suite -->
</testng-results>
